build/app/intermediates/manifest_merge_blame_file/debug/manifest-merger-blame-debug-report.txt
1<?xml version="1.0" encoding="utf-8"?>
2<manifest xmlns:android="http://schemas.android.com/apk/res/android"
3    package="mojab.app.advicebee.v0"
4    android:versionCode="1"
5    android:versionName="1.0.0" >
6
7    <uses-sdk
8        android:minSdkVersion="16"
9        android:targetSdkVersion="28" />
10    <!--
11         Flutter needs it to communicate with the running application
12         to allow setting breakpoints, to provide hot reload, etc.
13    -->
14    <uses-permission android:name="android.permission.INTERNET" />
14-->src/main/AndroidManifest.xml:4:5-66
14-->src/main/AndroidManifest.xml:4:22-64
15    <uses-permission android:name="android.permission.CAMERA" />
15-->src/main/AndroidManifest.xml:5:5-65
15-->src/main/AndroidManifest.xml:5:22-62
16    <uses-permission android:name="android.permission.ACCESS_FINE_LOCATION" />
16-->src/main/AndroidManifest.xml:6:5-79
16-->src/main/AndroidManifest.xml:6:22-76
17    <uses-permission android:name="android.permission.ACCESS_COARSE_LOCATION" />
17-->src/main/AndroidManifest.xml:7:5-81
17-->src/main/AndroidManifest.xml:7:22-78
18    <uses-permission android:name="android.permission.SEND_SMS" />
18-->src/main/AndroidManifest.xml:8:5-67
18-->src/main/AndroidManifest.xml:8:22-64
19    <uses-permission android:name="android.permission.RECEIVE_SMS" />
19-->src/main/AndroidManifest.xml:9:5-70
19-->src/main/AndroidManifest.xml:9:22-67
20    <uses-permission android:name="android.permission.RECEIVE_WAP_PUSH" />
20-->src/main/AndroidManifest.xml:10:5-75
20-->src/main/AndroidManifest.xml:10:22-72
21    <uses-permission android:name="android.permission.RECEIVE_MMS" />
21-->src/main/AndroidManifest.xml:11:5-70
21-->src/main/AndroidManifest.xml:11:22-67
22    <uses-permission android:name="android.permission.READ_EXTERNAL_STORAGE" />
22-->src/main/AndroidManifest.xml:12:5-80
22-->src/main/AndroidManifest.xml:12:22-77
23    <uses-permission android:name="android.permission.WRITE_EXTERNAL_STORAGE" />
23-->src/main/AndroidManifest.xml:13:5-81
23-->src/main/AndroidManifest.xml:13:22-78
24    <uses-permission android:name="android.permission.RECEIVE_BOOT_COMPLETED" />
24-->src/main/AndroidManifest.xml:14:5-80
24-->src/main/AndroidManifest.xml:14:22-78
25    <uses-permission android:name="android.permission.VIBRATE" />
25-->src/main/AndroidManifest.xml:15:5-66
25-->src/main/AndroidManifest.xml:15:22-63
26    <uses-permission android:name="android.permission.ACCESS_NETWORK_STATE" />
26-->[com.google.android.gms:play-services-measurement:17.2.2] AndroidManifest.xml:24:5-79
26-->[com.google.android.gms:play-services-measurement:17.2.2] AndroidManifest.xml:24:22-76
27    <uses-permission android:name="android.permission.WAKE_LOCK" />
27-->[com.google.android.gms:play-services-measurement:17.2.2] AndroidManifest.xml:25:5-68
27-->[com.google.android.gms:play-services-measurement:17.2.2] AndroidManifest.xml:25:22-65
28    <uses-permission android:name="com.google.android.finsky.permission.BIND_GET_INSTALL_REFERRER_SERVICE" /> <!-- Required by older versions of Google Play services to create IID tokens -->
28-->[com.google.android.gms:play-services-measurement:17.2.2] AndroidManifest.xml:26:5-110
28-->[com.google.android.gms:play-services-measurement:17.2.2] AndroidManifest.xml:26:22-107
29    <uses-permission android:name="com.google.android.c2dm.permission.RECEIVE" />
29-->[com.google.firebase:firebase-iid:20.0.2] AndroidManifest.xml:26:5-82
29-->[com.google.firebase:firebase-iid:20.0.2] AndroidManifest.xml:26:22-79
30    <!--
31 io.flutter.app.FlutterApplication is an android.app.Application that
32         calls FlutterMain.startInitialization(this); in its onCreate method.
33         In most cases you can leave this as-is, but you if you want to provide
34         additional functionality it is fine to subclass or reimplement
35         FlutterApplication and put your custom class here.
36    -->
37    <application
37-->src/main/AndroidManifest.xml:21:5-81:19
38        android:name="io.flutter.app.FlutterApplication"
38-->src/main/AndroidManifest.xml:22:9-57
39        android:appComponentFactory="androidx.core.app.CoreComponentFactory"
39-->[androidx.core:core:1.1.0] AndroidManifest.xml:24:18-86
40        android:debuggable="true"
41        android:icon="@mipmap/ic_launcher"
41-->src/main/AndroidManifest.xml:24:9-43
42        android:label="AdviceBee"
42-->src/main/AndroidManifest.xml:23:9-34
43        android:supportsRtl="true" >
43-->[com.facebook.android:facebook-login:5.5.1] AndroidManifest.xml:28:18-44
44        <activity
44-->src/main/AndroidManifest.xml:25:9-40:20
45            android:name="mojab.app.advicebee.v0.MainActivity"
45-->src/main/AndroidManifest.xml:26:13-41
46            android:configChanges="orientation|keyboardHidden|keyboard|screenSize|smallestScreenSize|locale|layoutDirection|fontScale|screenLayout|density|uiMode"
46-->src/main/AndroidManifest.xml:29:13-163
47            android:hardwareAccelerated="true"
47-->src/main/AndroidManifest.xml:30:13-47
48            android:launchMode="singleTop"
48-->src/main/AndroidManifest.xml:27:13-43
49            android:theme="@style/LaunchTheme"
49-->src/main/AndroidManifest.xml:28:13-47
50            android:windowSoftInputMode="adjustResize" >
50-->src/main/AndroidManifest.xml:31:13-55
51            <intent-filter>
51-->src/main/AndroidManifest.xml:32:13-35:29
52                <action android:name="android.intent.action.MAIN" />
52-->src/main/AndroidManifest.xml:33:17-68
52-->src/main/AndroidManifest.xml:33:25-66
53
54                <category android:name="android.intent.category.LAUNCHER" />
54-->src/main/AndroidManifest.xml:34:17-76
54-->src/main/AndroidManifest.xml:34:27-74
55            </intent-filter>
56            <intent-filter>
56-->src/main/AndroidManifest.xml:36:13-39:29
57                <action android:name="FLUTTER_NOTIFICATION_CLICK" />
57-->src/main/AndroidManifest.xml:37:17-69
57-->src/main/AndroidManifest.xml:37:25-66
58
59                <category android:name="android.intent.category.DEFAULT" />
59-->src/main/AndroidManifest.xml:38:17-76
59-->src/main/AndroidManifest.xml:38:27-73
60            </intent-filter>
61        </activity>
62        <!--
63             Don't delete the meta-data below.
64             This is used by the Flutter tool to generate GeneratedPluginRegistrant.java
65        -->
66
67
68        <!-- Facebook Login configuration -->
69        <meta-data
69-->src/main/AndroidManifest.xml:45:9-46:61
70            android:name="com.facebook.sdk.ApplicationId"
70-->src/main/AndroidManifest.xml:45:20-65
71            android:value="@string/facebook_app_id" />
71-->src/main/AndroidManifest.xml:46:20-59
72
73        <activity
73-->src/main/AndroidManifest.xml:48:9-53:11
74            android:name="com.facebook.FacebookActivity"
74-->src/main/AndroidManifest.xml:48:19-63
75            android:configChanges="keyboard|keyboardHidden|screenLayout|screenSize|orientation"
75-->src/main/AndroidManifest.xml:49:19-129
76            android:exported="true"
76-->src/main/AndroidManifest.xml:52:19-42
77            android:label="@string/app_name"
77-->src/main/AndroidManifest.xml:51:19-51
78            android:theme="@style/com_facebook_activity_theme" />
78-->[com.facebook.android:facebook-common:5.5.1] AndroidManifest.xml:32:13-63
79        <activity
79-->src/main/AndroidManifest.xml:54:9-63:20
80            android:name="com.facebook.CustomTabActivity"
80-->src/main/AndroidManifest.xml:55:17-62
81            android:exported="true" >
81-->src/main/AndroidManifest.xml:56:17-40
82            <intent-filter>
82-->src/main/AndroidManifest.xml:57:13-62:29
83                <action android:name="android.intent.action.VIEW" />
83-->src/main/AndroidManifest.xml:58:17-69
83-->src/main/AndroidManifest.xml:58:25-66
84
85                <category android:name="android.intent.category.DEFAULT" />
85-->src/main/AndroidManifest.xml:38:17-76
85-->src/main/AndroidManifest.xml:38:27-73
86                <category android:name="android.intent.category.BROWSABLE" />
86-->src/main/AndroidManifest.xml:60:17-78
86-->src/main/AndroidManifest.xml:60:27-75
87
88                <data android:scheme="@string/fb_login_protocol_scheme" />
88-->src/main/AndroidManifest.xml:61:17-75
88-->src/main/AndroidManifest.xml:61:23-72
89            </intent-filter>
90        </activity>
91        <activity
91-->src/main/AndroidManifest.xml:65:9-68:75
92            android:name="com.yalantis.ucrop.UCropActivity"
92-->src/main/AndroidManifest.xml:66:17-64
93            android:screenOrientation="portrait"
93-->src/main/AndroidManifest.xml:67:17-53
94            android:theme="@style/Theme.AppCompat.Light.NoActionBar" />
94-->src/main/AndroidManifest.xml:68:17-73
95
96        <receiver android:name="com.dexterous.flutterlocalnotifications.ScheduledNotificationBootReceiver" >
96-->src/main/AndroidManifest.xml:70:9-74:20
96-->src/main/AndroidManifest.xml:70:19-107
97            <intent-filter>
97-->src/main/AndroidManifest.xml:71:13-73:29
98                <action android:name="android.intent.action.BOOT_COMPLETED" />
98-->src/main/AndroidManifest.xml:72:17-86
98-->src/main/AndroidManifest.xml:72:25-76
99            </intent-filter>
100        </receiver>
101        <receiver android:name="com.dexterous.flutterlocalnotifications.ScheduledNotificationReceiver" />
101-->src/main/AndroidManifest.xml:76:9-106
101-->src/main/AndroidManifest.xml:76:19-103
102
103        <meta-data
103-->src/main/AndroidManifest.xml:78:9-80:33
104            android:name="flutterEmbedding"
104-->src/main/AndroidManifest.xml:79:13-44
105            android:value="2" />
105-->src/main/AndroidManifest.xml:80:13-30
106
107        <provider
107-->[:image_picker] AndroidManifest.xml:11:9-19:20
108            android:name="io.flutter.plugins.imagepicker.ImagePickerFileProvider"
108-->[:image_picker] AndroidManifest.xml:12:13-82
109            android:authorities="mojab.app.advicebee.v0.flutter.image_provider"
109-->[:image_picker] AndroidManifest.xml:13:13-74
110            android:exported="false"
110-->[:image_picker] AndroidManifest.xml:14:13-37
111            android:grantUriPermissions="true" >
111-->[:image_picker] AndroidManifest.xml:15:13-47
112            <meta-data
112-->[:image_picker] AndroidManifest.xml:16:13-18:75
113                android:name="android.support.FILE_PROVIDER_PATHS"
113-->[:image_picker] AndroidManifest.xml:17:17-67
114                android:resource="@xml/flutter_image_picker_file_paths" />
114-->[:image_picker] AndroidManifest.xml:18:17-72
115        </provider>
116
117        <service
117-->[:cloud_firestore] AndroidManifest.xml:8:9-12:19
118            android:name="com.google.firebase.components.ComponentDiscoveryService"
118-->[:cloud_firestore] AndroidManifest.xml:8:18-89
119            android:directBootAware="true"
119-->[com.google.firebase:firebase-common:19.3.0] AndroidManifest.xml:34:13-43
120            android:exported="false" >
120-->[com.google.firebase:firebase-messaging:20.1.0] AndroidManifest.xml:37:13-37
121            <meta-data
121-->[:cloud_firestore] AndroidManifest.xml:9:13-11:85
122                android:name="com.google.firebase.components:io.flutter.plugins.firebase.cloudfirestore.FlutterFirebaseAppRegistrar"
122-->[:cloud_firestore] AndroidManifest.xml:10:17-133
123                android:value="com.google.firebase.components.ComponentRegistrar" />
123-->[:cloud_firestore] AndroidManifest.xml:11:17-82
124            <meta-data
124-->[:firebase_auth] AndroidManifest.xml:9:13-11:85
125                android:name="com.google.firebase.components:io.flutter.plugins.firebaseauth.FlutterFirebaseAppRegistrar"
125-->[:firebase_auth] AndroidManifest.xml:10:17-122
126                android:value="com.google.firebase.components.ComponentRegistrar" />
126-->[:firebase_auth] AndroidManifest.xml:11:17-82
127            <meta-data
127-->[:firebase_storage] AndroidManifest.xml:9:13-11:85
128                android:name="com.google.firebase.components:io.flutter.plugins.firebase.storage.FlutterFirebaseAppRegistrar"
128-->[:firebase_storage] AndroidManifest.xml:10:17-126
129                android:value="com.google.firebase.components.ComponentRegistrar" />
129-->[:firebase_storage] AndroidManifest.xml:11:17-82
130            <meta-data
130-->[:firebase_core] AndroidManifest.xml:9:13-11:85
131                android:name="com.google.firebase.components:io.flutter.plugins.firebase.core.FlutterFirebaseAppRegistrar"
131-->[:firebase_core] AndroidManifest.xml:10:17-123
132                android:value="com.google.firebase.components.ComponentRegistrar" />
132-->[:firebase_core] AndroidManifest.xml:11:17-82
133            <meta-data
133-->[:firebase_messaging] AndroidManifest.xml:14:13-16:85
134                android:name="com.google.firebase.components:io.flutter.plugins.firebasemessaging.FlutterFirebaseAppRegistrar"
134-->[:firebase_messaging] AndroidManifest.xml:15:17-127
135                android:value="com.google.firebase.components.ComponentRegistrar" />
135-->[:firebase_messaging] AndroidManifest.xml:16:17-82
136            <meta-data
136-->[com.google.firebase:firebase-messaging:20.1.0] AndroidManifest.xml:38:13-40:85
137                android:name="com.google.firebase.components:com.google.firebase.messaging.FirebaseMessagingRegistrar"
137-->[com.google.firebase:firebase-messaging:20.1.0] AndroidManifest.xml:39:17-119
138                android:value="com.google.firebase.components.ComponentRegistrar" />
138-->[com.google.firebase:firebase-messaging:20.1.0] AndroidManifest.xml:40:17-82
139            <meta-data
139-->[com.google.android.gms:play-services-measurement-api:17.2.2] AndroidManifest.xml:30:13-32:85
140                android:name="com.google.firebase.components:com.google.firebase.analytics.connector.internal.AnalyticsConnectorRegistrar"
140-->[com.google.android.gms:play-services-measurement-api:17.2.2] AndroidManifest.xml:31:17-139
141                android:value="com.google.firebase.components.ComponentRegistrar" />
141-->[com.google.android.gms:play-services-measurement-api:17.2.2] AndroidManifest.xml:32:17-82
142            <meta-data
142-->[com.google.firebase:firebase-iid:20.0.2] AndroidManifest.xml:32:13-34:85
143                android:name="com.google.firebase.components:com.google.firebase.iid.Registrar"
143-->[com.google.firebase:firebase-iid:20.0.2] AndroidManifest.xml:33:17-96
144                android:value="com.google.firebase.components.ComponentRegistrar" />
144-->[com.google.firebase:firebase-iid:20.0.2] AndroidManifest.xml:34:17-82
145            <meta-data
145-->[com.google.firebase:firebase-datatransport:17.0.3] AndroidManifest.xml:28:13-30:85
146                android:name="com.google.firebase.components:com.google.firebase.datatransport.TransportRegistrar"
146-->[com.google.firebase:firebase-datatransport:17.0.3] AndroidManifest.xml:29:17-115
147                android:value="com.google.firebase.components.ComponentRegistrar" />
147-->[com.google.firebase:firebase-datatransport:17.0.3] AndroidManifest.xml:30:17-82
148            <meta-data
148-->[com.google.firebase:firebase-firestore:21.3.0] AndroidManifest.xml:20:13-22:85
149                android:name="com.google.firebase.components:com.google.firebase.firestore.FirestoreRegistrar"
149-->[com.google.firebase:firebase-firestore:21.3.0] AndroidManifest.xml:21:17-111
150                android:value="com.google.firebase.components.ComponentRegistrar" />
150-->[com.google.firebase:firebase-firestore:21.3.0] AndroidManifest.xml:22:17-82
151            <meta-data
151-->[com.google.firebase:firebase-auth:19.2.0] AndroidManifest.xml:36:13-38:85
152                android:name="com.google.firebase.components:com.google.firebase.auth.FirebaseAuthRegistrar"
152-->[com.google.firebase:firebase-auth:19.2.0] AndroidManifest.xml:37:17-109
153                android:value="com.google.firebase.components.ComponentRegistrar" />
153-->[com.google.firebase:firebase-auth:19.2.0] AndroidManifest.xml:38:17-82
154            <meta-data
154-->[com.google.firebase:firebase-storage:17.0.0] AndroidManifest.xml:31:13-33:85
155                android:name="com.google.firebase.components:com.google.firebase.storage.StorageRegistrar"
155-->[com.google.firebase:firebase-storage:17.0.0] AndroidManifest.xml:32:17-107
156                android:value="com.google.firebase.components.ComponentRegistrar" />
156-->[com.google.firebase:firebase-storage:17.0.0] AndroidManifest.xml:33:17-82
157        </service>
158
159        <provider
159-->[:flutter_mailer] AndroidManifest.xml:8:9-16:20
160            android:name="com.dataxad.fluttermailer.FlutterMailerFileProvider"
160-->[:flutter_mailer] AndroidManifest.xml:9:13-79
161            android:authorities="mojab.app.advicebee.v0.adv_provider"
161-->[:flutter_mailer] AndroidManifest.xml:10:13-64
162            android:exported="false"
162-->[:flutter_mailer] AndroidManifest.xml:11:13-37
163            android:grantUriPermissions="true" >
163-->[:flutter_mailer] AndroidManifest.xml:12:13-47
164            <meta-data
164-->[:image_picker] AndroidManifest.xml:16:13-18:75
165                android:name="android.support.FILE_PROVIDER_PATHS"
165-->[:image_picker] AndroidManifest.xml:17:17-67
166                android:resource="@xml/flutter_mailer_paths" />
166-->[:image_picker] AndroidManifest.xml:18:17-72
167        </provider>
168
169        <service android:name="io.flutter.plugins.firebasemessaging.FlutterFirebaseMessagingService" >
169-->[:firebase_messaging] AndroidManifest.xml:8:9-12:19
169-->[:firebase_messaging] AndroidManifest.xml:8:18-101
170            <intent-filter>
170-->[:firebase_messaging] AndroidManifest.xml:9:13-11:29
171                <action android:name="com.google.firebase.MESSAGING_EVENT" />
171-->[:firebase_messaging] AndroidManifest.xml:10:17-78
171-->[:firebase_messaging] AndroidManifest.xml:10:25-75
172            </intent-filter>
173        </service>
174        <!--
175             FirebaseMessagingService performs security checks at runtime,
176             but set to not exported to explicitly avoid allowing another app to call it.
177        -->
178        <service
178-->[com.google.firebase:firebase-messaging:20.1.0] AndroidManifest.xml:28:9-34:19
179            android:name="com.google.firebase.messaging.FirebaseMessagingService"
179-->[com.google.firebase:firebase-messaging:20.1.0] AndroidManifest.xml:29:13-82
180            android:exported="false" >
180-->[com.google.firebase:firebase-messaging:20.1.0] AndroidManifest.xml:30:13-37
181            <intent-filter android:priority="-500" >
181-->[:firebase_messaging] AndroidManifest.xml:9:13-11:29
182                <action android:name="com.google.firebase.MESSAGING_EVENT" />
182-->[:firebase_messaging] AndroidManifest.xml:10:17-78
182-->[:firebase_messaging] AndroidManifest.xml:10:25-75
183            </intent-filter>
184        </service>
185
186        <receiver
186-->[com.google.android.gms:play-services-measurement:17.2.2] AndroidManifest.xml:29:9-33:20
187            android:name="com.google.android.gms.measurement.AppMeasurementReceiver"
187-->[com.google.android.gms:play-services-measurement:17.2.2] AndroidManifest.xml:30:13-85
188            android:enabled="true"
188-->[com.google.android.gms:play-services-measurement:17.2.2] AndroidManifest.xml:31:13-35
189            android:exported="false" >
189-->[com.google.android.gms:play-services-measurement:17.2.2] AndroidManifest.xml:32:13-37
190        </receiver>
191        <receiver
191-->[com.google.android.gms:play-services-measurement:17.2.2] AndroidManifest.xml:34:9-42:20
192            android:name="com.google.android.gms.measurement.AppMeasurementInstallReferrerReceiver"
192-->[com.google.android.gms:play-services-measurement:17.2.2] AndroidManifest.xml:35:13-100
193            android:enabled="true"
193-->[com.google.android.gms:play-services-measurement:17.2.2] AndroidManifest.xml:36:13-35
194            android:exported="true"
194-->[com.google.android.gms:play-services-measurement:17.2.2] AndroidManifest.xml:37:13-36
195            android:permission="android.permission.INSTALL_PACKAGES" >
195-->[com.google.android.gms:play-services-measurement:17.2.2] AndroidManifest.xml:38:13-69
196            <intent-filter>
196-->[com.google.android.gms:play-services-measurement:17.2.2] AndroidManifest.xml:39:13-41:29
197                <action android:name="com.android.vending.INSTALL_REFERRER" />
197-->[com.google.android.gms:play-services-measurement:17.2.2] AndroidManifest.xml:40:17-79
197-->[com.google.android.gms:play-services-measurement:17.2.2] AndroidManifest.xml:40:25-76
198            </intent-filter>
199        </receiver>
200
201        <service
201-->[com.google.android.gms:play-services-measurement:17.2.2] AndroidManifest.xml:44:9-47:40
202            android:name="com.google.android.gms.measurement.AppMeasurementService"
202-->[com.google.android.gms:play-services-measurement:17.2.2] AndroidManifest.xml:45:13-84
203            android:enabled="true"
203-->[com.google.android.gms:play-services-measurement:17.2.2] AndroidManifest.xml:46:13-35
204            android:exported="false" />
204-->[com.google.android.gms:play-services-measurement:17.2.2] AndroidManifest.xml:47:13-37
205        <service
205-->[com.google.android.gms:play-services-measurement:17.2.2] AndroidManifest.xml:48:9-52:72
206            android:name="com.google.android.gms.measurement.AppMeasurementJobService"
206-->[com.google.android.gms:play-services-measurement:17.2.2] AndroidManifest.xml:49:13-87
207            android:enabled="true"
207-->[com.google.android.gms:play-services-measurement:17.2.2] AndroidManifest.xml:50:13-35
208            android:exported="false"
208-->[com.google.android.gms:play-services-measurement:17.2.2] AndroidManifest.xml:51:13-37
209            android:permission="android.permission.BIND_JOB_SERVICE" />
209-->[com.google.android.gms:play-services-measurement:17.2.2] AndroidManifest.xml:52:13-69
210
211        <receiver
211-->[com.google.firebase:firebase-iid:20.0.2] AndroidManifest.xml:37:9-44:20
212            android:name="com.google.firebase.iid.FirebaseInstanceIdReceiver"
212-->[com.google.firebase:firebase-iid:20.0.2] AndroidManifest.xml:38:13-78
213            android:exported="true"
213-->[com.google.firebase:firebase-iid:20.0.2] AndroidManifest.xml:39:13-36
214            android:permission="com.google.android.c2dm.permission.SEND" >
214-->[com.google.firebase:firebase-iid:20.0.2] AndroidManifest.xml:40:13-73
215            <intent-filter>
215-->[com.google.firebase:firebase-iid:20.0.2] AndroidManifest.xml:41:13-43:29
216                <action android:name="com.google.android.c2dm.intent.RECEIVE" />
216-->[com.google.firebase:firebase-iid:20.0.2] AndroidManifest.xml:42:17-81
216-->[com.google.firebase:firebase-iid:20.0.2] AndroidManifest.xml:42:25-78
217            </intent-filter>
218        </receiver>
219
220        <activity android:name="com.facebook.CustomTabMainActivity" />
220-->[com.facebook.android:facebook-common:5.5.1] AndroidManifest.xml:33:9-71
220-->[com.facebook.android:facebook-common:5.5.1] AndroidManifest.xml:33:19-68
221        <!--
222         The initialization ContentProvider will call FacebookSdk.sdkInitialize automatically
223         with the application context. This config is merged in with the host app's manifest,
224         but there can only be one provider with the same authority activated at any given
225         point; so if the end user has two or more different apps that use Facebook SDK, only the
226         first one will be able to use the provider. To work around this problem, we use the
227         following placeholder in the authority to identify each host application as if it was
228         a completely different provider.
229        -->
230        <provider
230-->[com.facebook.android:facebook-core:5.5.1] AndroidManifest.xml:39:9-42:40
231            android:name="com.facebook.internal.FacebookInitProvider"
231-->[com.facebook.android:facebook-core:5.5.1] AndroidManifest.xml:40:13-70
232            android:authorities="mojab.app.advicebee.v0.FacebookInitProvider"
232-->[com.facebook.android:facebook-core:5.5.1] AndroidManifest.xml:41:13-72
233            android:exported="false" />
233-->[com.facebook.android:facebook-core:5.5.1] AndroidManifest.xml:42:13-37
234
235        <receiver
235-->[com.facebook.android:facebook-core:5.5.1] AndroidManifest.xml:44:9-50:20
236            android:name="com.facebook.CurrentAccessTokenExpirationBroadcastReceiver"
236-->[com.facebook.android:facebook-core:5.5.1] AndroidManifest.xml:45:13-86
237            android:exported="false" >
237-->[com.facebook.android:facebook-core:5.5.1] AndroidManifest.xml:46:13-37
238            <intent-filter>
238-->[com.facebook.android:facebook-core:5.5.1] AndroidManifest.xml:47:13-49:29
239                <action android:name="com.facebook.sdk.ACTION_CURRENT_ACCESS_TOKEN_CHANGED" />
239-->[com.facebook.android:facebook-core:5.5.1] AndroidManifest.xml:48:17-95
239-->[com.facebook.android:facebook-core:5.5.1] AndroidManifest.xml:48:25-92
240            </intent-filter>
241        </receiver>
242        <receiver
242-->[com.facebook.android:facebook-core:5.5.1] AndroidManifest.xml:51:9-58:20
243            android:name="com.facebook.CampaignTrackingReceiver"
243-->[com.facebook.android:facebook-core:5.5.1] AndroidManifest.xml:52:13-65
244            android:exported="true"
244-->[com.facebook.android:facebook-core:5.5.1] AndroidManifest.xml:53:13-36
245            android:permission="android.permission.INSTALL_PACKAGES" >
245-->[com.facebook.android:facebook-core:5.5.1] AndroidManifest.xml:54:13-69
246            <intent-filter>
246-->[com.google.android.gms:play-services-measurement:17.2.2] AndroidManifest.xml:39:13-41:29
247                <action android:name="com.android.vending.INSTALL_REFERRER" />
247-->[com.google.android.gms:play-services-measurement:17.2.2] AndroidManifest.xml:40:17-79
247-->[com.google.android.gms:play-services-measurement:17.2.2] AndroidManifest.xml:40:25-76
248            </intent-filter>
249        </receiver>
250
251        <activity
251-->[com.google.firebase:firebase-auth:19.2.0] AndroidManifest.xml:24:9-31:50
252            android:name="com.google.firebase.auth.internal.FederatedSignInActivity"
252-->[com.google.firebase:firebase-auth:19.2.0] AndroidManifest.xml:25:13-85
253            android:excludeFromRecents="true"
253-->[com.google.firebase:firebase-auth:19.2.0] AndroidManifest.xml:26:13-46
254            android:exported="true"
254-->[com.google.firebase:firebase-auth:19.2.0] AndroidManifest.xml:27:13-36
255            android:launchMode="singleTask"
255-->[com.google.firebase:firebase-auth:19.2.0] AndroidManifest.xml:28:13-44
256            android:permission="com.google.firebase.auth.api.gms.permission.LAUNCH_FEDERATED_SIGN_IN"
256-->[com.google.firebase:firebase-auth:19.2.0] AndroidManifest.xml:29:13-102
257            android:theme="@android:style/Theme.Translucent.NoTitleBar" />
257-->[com.google.firebase:firebase-auth:19.2.0] AndroidManifest.xml:30:13-72
258
259        <provider
259-->[com.google.firebase:firebase-common:19.3.0] AndroidManifest.xml:26:9-30:39
260            android:name="com.google.firebase.provider.FirebaseInitProvider"
260-->[com.google.firebase:firebase-common:19.3.0] AndroidManifest.xml:27:13-77
261            android:authorities="mojab.app.advicebee.v0.firebaseinitprovider"
261-->[com.google.firebase:firebase-common:19.3.0] AndroidManifest.xml:28:13-72
262            android:exported="false"
262-->[com.google.firebase:firebase-common:19.3.0] AndroidManifest.xml:29:13-37
263            android:initOrder="100" />
263-->[com.google.firebase:firebase-common:19.3.0] AndroidManifest.xml:30:13-36
264
265        <activity
265-->[com.google.android.gms:play-services-auth:16.0.1] AndroidManifest.xml:23:9-27:75
266            android:name="com.google.android.gms.auth.api.signin.internal.SignInHubActivity"
266-->[com.google.android.gms:play-services-auth:16.0.1] AndroidManifest.xml:24:13-93
267            android:excludeFromRecents="true"
267-->[com.google.android.gms:play-services-auth:16.0.1] AndroidManifest.xml:25:13-46
268            android:exported="false"
268-->[com.google.android.gms:play-services-auth:16.0.1] AndroidManifest.xml:26:13-37
269            android:theme="@android:style/Theme.Translucent.NoTitleBar" />
269-->[com.google.android.gms:play-services-auth:16.0.1] AndroidManifest.xml:27:13-72
270        <!--
271            Service handling Google Sign-In user revocation. For apps that do not integrate with
272            Google Sign-In, this service will never be started.
273        -->
274        <service
274-->[com.google.android.gms:play-services-auth:16.0.1] AndroidManifest.xml:33:9-36:110
275            android:name="com.google.android.gms.auth.api.signin.RevocationBoundService"
275-->[com.google.android.gms:play-services-auth:16.0.1] AndroidManifest.xml:34:13-89
276            android:exported="true"
276-->[com.google.android.gms:play-services-auth:16.0.1] AndroidManifest.xml:35:13-36
277            android:permission="com.google.android.gms.auth.api.signin.permission.REVOCATION_NOTIFICATION" />
277-->[com.google.android.gms:play-services-auth:16.0.1] AndroidManifest.xml:36:13-107
278
279        <activity
279-->[com.google.android.gms:play-services-base:17.1.0] AndroidManifest.xml:23:9-26:75
280            android:name="com.google.android.gms.common.api.GoogleApiActivity"
280-->[com.google.android.gms:play-services-base:17.1.0] AndroidManifest.xml:24:13-79
281            android:exported="false"
281-->[com.google.android.gms:play-services-base:17.1.0] AndroidManifest.xml:25:13-37
282            android:theme="@android:style/Theme.Translucent.NoTitleBar" />
282-->[com.google.android.gms:play-services-base:17.1.0] AndroidManifest.xml:26:13-72
283
284        <meta-data
284-->[com.google.android.gms:play-services-basement:17.0.0] AndroidManifest.xml:23:9-25:69